<?xml version="1.0" encoding="UTF-8"?>
<!-- Generated by org.testng.reporters.JUnitXMLReporter -->
<testsuite ignored="2" hostname="LAPTOP-0STQ7AK3" failures="0" tests="1" name="Default test" time="0.116" errors="0" timestamp="2024-01-04T20:50:06 EST">
  <testcase classname="com.regression.InyterviewCodingTest" name="test3" time="0.012"/>
  <testcase classname="com.regression.InyterviewCodingTest" name="test2" time="0.0">
    <ignored/>
  </testcase> <!-- test2 -->
  <testcase classname="com.regression.InyterviewCodingTest" name="test1" time="0.0">
    <ignored/>
  </testcase> <!-- test1 -->
</testsuite> <!-- Default test -->
