<?xml version="1.0" encoding="UTF-8"?>
<!-- Generated by org.testng.reporters.JUnitXMLReporter -->
<testsuite ignored="0" hostname="LAPTOP-0STQ7AK3" failures="1" tests="1" name="Test(failed)" time="0.123" errors="0" timestamp="2023-12-17T14:22:45 EST">
  <testcase classname="com.regression.TestRunWithTestNGPayment" name="getPayment" time="0.018">
    <failure type="java.lang.Error" message="Unresolved compilation problems: 
	Syntax error, insert &amp;quot;VariableDeclarators&amp;quot; to complete LocalVariableDeclaration
	Syntax error, insert &amp;quot;;&amp;quot; to complete BlockStatements
	dsfsdf cannot be resolved
">
      <![CDATA[java.lang.Error: Unresolved compilation problems: 
Syntax error, insert "VariableDeclarators" to complete LocalVariableDeclaration
Syntax error, insert ";" to complete BlockStatements
dsfsdf cannot be resolved

at com.regression.TestRunWithTestNGPayment.getPayment(TestRunWithTestNGPayment.java:13)
at java.base/java.util.ArrayList.forEach(ArrayList.java:1511)
... Removed 27 stack frames]]>
    </failure>
  </testcase> <!-- getPayment -->
</testsuite> <!-- Test(failed) -->
