<?xml version="1.0" encoding="UTF-8"?>
<testng-results ignored="0" total="2" passed="2" failed="0" skipped="0">
  <reporter-output>
  </reporter-output>
  <suite started-at="2023-12-24T13:47:42 EST" name="Suite" finished-at="2023-12-24T13:47:55 EST" duration-ms="13628">
    <groups>
      <group name="cucumber">
        <method signature="AbstractTestNGCucumberTests.runScenario(io.cucumber.testng.PickleEventWrapper,io.cucumber.testng.CucumberFeatureWrapper)[pri:0, instance:com.cucumber.bdd.practice.Runner@7b36aa0c]" name="runScenario" class="io.cucumber.testng.AbstractTestNGCucumberTests"/>
      </group> <!-- cucumber -->
    </groups>
    <test started-at="2023-12-24T13:47:42 EST" name="Test" finished-at="2023-12-24T13:47:55 EST" duration-ms="13628">
      <class name="com.cucumber.bdd.practice.Runner">
        <test-method is-config="true" signature="setup()[pri:0, instance:com.cucumber.bdd.practice.Runner@7b36aa0c]" started-at="2023-12-24T13:47:42 EST" name="setup" finished-at="2023-12-24T13:47:42 EST" duration-ms="12" status="PASS">
          <reporter-output>
          </reporter-output>
        </test-method> <!-- setup -->
        <test-method is-config="true" signature="setUpClass()[pri:0, instance:com.cucumber.bdd.practice.Runner@7b36aa0c]" started-at="2023-12-24T13:47:42 EST" name="setUpClass" finished-at="2023-12-24T13:47:42 EST" duration-ms="156" status="PASS">
          <reporter-output>
          </reporter-output>
        </test-method> <!-- setUpClass -->
        <test-method signature="test1()[pri:0, instance:com.cucumber.bdd.practice.Runner@7b36aa0c]" started-at="2023-12-24T13:47:42 EST" name="test1" finished-at="2023-12-24T13:47:42 EST" duration-ms="4" status="PASS">
          <reporter-output>
          </reporter-output>
        </test-method> <!-- test1 -->
        <test-method signature="runScenario(io.cucumber.testng.PickleEventWrapper,io.cucumber.testng.CucumberFeatureWrapper)[pri:0, instance:com.cucumber.bdd.practice.Runner@7b36aa0c]" started-at="2023-12-24T13:47:42 EST" name="runScenario" description="Runs Cucumber Scenarios" data-provider="scenarios" finished-at="2023-12-24T13:47:55 EST" duration-ms="13258" status="PASS">
          <params>
            <param index="0">
              <value>
                <![CDATA["testing login function with valid credential"]]>
              </value>
            </param>
            <param index="1">
              <value>
                <![CDATA["Login function test"]]>
              </value>
            </param>
          </params>
          <reporter-output>
          </reporter-output>
        </test-method> <!-- runScenario -->
        <test-method is-config="true" signature="tearDownClass()[pri:0, instance:com.cucumber.bdd.practice.Runner@7b36aa0c]" started-at="2023-12-24T13:47:55 EST" name="tearDownClass" finished-at="2023-12-24T13:47:55 EST" duration-ms="63" status="PASS">
          <reporter-output>
          </reporter-output>
        </test-method> <!-- tearDownClass -->
        <test-method is-config="true" signature="teardown()[pri:0, instance:com.cucumber.bdd.practice.Runner@7b36aa0c]" started-at="2023-12-24T13:47:55 EST" name="teardown" finished-at="2023-12-24T13:47:55 EST" duration-ms="1" status="PASS">
          <reporter-output>
          </reporter-output>
        </test-method> <!-- teardown -->
      </class> <!-- com.cucumber.bdd.practice.Runner -->
    </test> <!-- Test -->
  </suite> <!-- Suite -->
</testng-results>
