<?xml version="1.0" encoding="UTF-8"?>
<testng-results ignored="2" total="3" passed="1" failed="0" skipped="0">
  <reporter-output>
  </reporter-output>
  <suite started-at="2024-01-04T20:50:06 EST" name="Default suite" finished-at="2024-01-04T20:50:06 EST" duration-ms="116">
    <groups>
      <group name="unit test">
        <method signature="InyterviewCodingTest.test3()[pri:2, instance:com.regression.InyterviewCodingTest@6e0f5f7f]" name="test3" class="com.regression.InyterviewCodingTest"/>
      </group> <!-- unit test -->
    </groups>
    <test started-at="2024-01-04T20:50:06 EST" name="Default test" finished-at="2024-01-04T20:50:06 EST" duration-ms="116">
      <class name="com.regression.InyterviewCodingTest">
        <test-method signature="test3()[pri:2, instance:com.regression.InyterviewCodingTest@6e0f5f7f]" started-at="2024-01-04T20:50:06 EST" name="test3" description="Reverse a java String==&gt; SB/SB" finished-at="2024-01-04T20:50:06 EST" duration-ms="12" status="PASS">
          <reporter-output>
          </reporter-output>
        </test-method> <!-- test3 -->
      </class> <!-- com.regression.InyterviewCodingTest -->
    </test> <!-- Default test -->
  </suite> <!-- Default suite -->
</testng-results>
